# JRE version: Java(TM) SE Runtime Environment (8.0_202-b08) (build 1.8.0_202-b08)
# Java VM: Java HotSpot(TM) 64-Bit Server VM (25.202-b08 mixed mode windows-amd64 compressed oops)
Heap:
 PSYoungGen      total 142848K, used 16376K [0x00000000d5f80000, 0x00000000df480000, 0x0000000100000000)
  eden space 133120K, 5% used [0x00000000d5f80000,0x00000000d66dc148,0x00000000de180000)
  from space 9728K, 90% used [0x00000000deb00000,0x00000000df3a1f50,0x00000000df480000)
  to   space 9728K, 9% used [0x00000000de180000,0x00000000de260000,0x00000000deb00000)
 ParOldGen       total 87552K, used 45632K [0x0000000081e00000, 0x0000000087380000, 0x00000000d5f80000)
  object space 87552K, 52% used [0x0000000081e00000,0x0000000084a94140,0x0000000087380000)
 Metaspace       used 11677K, capacity 12024K, committed 12160K, reserved 1064960K
  class space    used 1454K, capacity 1560K, committed 1664K, reserved 1048576K
GC Heap History (10 events):
Event: 11.929 GC heap before
{Heap before GC invocations=6 (full 0):
 PSYoungGen      total 71680K, used 71665K [0x00000000d5f80000, 0x00000000df480000, 0x0000000100000000)
  eden space 66560K, 100% used [0x00000000d5f80000,0x00000000da080000,0x00000000da080000)
  from space 5120K, 99% used [0x00000000da080000,0x00000000da57c6c0,0x00000000da580000)
  to   space 9728K, 0% used [0x00000000deb00000,0x00000000deb00000,0x00000000df480000)
 ParOldGen       total 87552K, used 16039K [0x0000000081e00000, 0x0000000087380000, 0x00000000d5f80000)
  object space 87552K, 18% used [0x0000000081e00000,0x0000000082da9ed8,0x0000000087380000)
 Metaspace       used 9956K, capacity 10252K, committed 10368K, reserved 1058816K
  class space    used 1188K, capacity 1294K, committed 1408K, reserved 1048576K
Event: 11.959 GC heap after
Heap after GC invocations=6 (full 0):
 PSYoungGen      total 142848K, used 7745K [0x00000000d5f80000, 0x00000000df480000, 0x0000000100000000)
  eden space 133120K, 0% used [0x00000000d5f80000,0x00000000d5f80000,0x00000000de180000)
  from space 9728K, 79% used [0x00000000deb00000,0x00000000df2906f0,0x00000000df480000)
  to   space 9728K, 0% used [0x00000000de180000,0x00000000de180000,0x00000000deb00000)
 ParOldGen       total 87552K, used 16039K [0x0000000081e00000, 0x0000000087380000, 0x00000000d5f80000)
  object space 87552K, 18% used [0x0000000081e00000,0x0000000082da9ed8,0x0000000087380000)
 Metaspace       used 9956K, capacity 10252K, committed 10368K, reserved 1058816K
  class space    used 1188K, capacity 1294K, committed 1408K, reserved 1048576K
}
Event: 12.954 GC heap before
{Heap before GC invocations=7 (full 0):
 PSYoungGen      total 142848K, used 140865K [0x00000000d5f80000, 0x00000000df480000, 0x0000000100000000)
  eden space 133120K, 100% used [0x00000000d5f80000,0x00000000de180000,0x00000000de180000)
  from space 9728K, 79% used [0x00000000deb00000,0x00000000df2906f0,0x00000000df480000)
  to   space 9728K, 0% used [0x00000000de180000,0x00000000de180000,0x00000000deb00000)
 ParOldGen       total 87552K, used 16039K [0x0000000081e00000, 0x0000000087380000, 0x00000000d5f80000)
  object space 87552K, 18% used [0x0000000081e00000,0x0000000082da9ed8,0x0000000087380000)
 Metaspace       used 10015K, capacity 10316K, committed 10624K, reserved 1058816K
  class space    used 1195K, capacity 1294K, committed 1408K, reserved 1048576K
Event: 12.995 GC heap after
Heap after GC invocations=7 (full 0):
 PSYoungGen      total 142848K, used 8984K [0x00000000d5f80000, 0x00000000df480000, 0x0000000100000000)
  eden space 133120K, 0% used [0x00000000d5f80000,0x00000000d5f80000,0x00000000de180000)
  from space 9728K, 92% used [0x00000000de180000,0x00000000dea46218,0x00000000deb00000)
  to   space 9728K, 0% used [0x00000000deb00000,0x00000000deb00000,0x00000000df480000)
 ParOldGen       total 87552K, used 20095K [0x0000000081e00000, 0x0000000087380000, 0x00000000d5f80000)
  object space 87552K, 22% used [0x0000000081e00000,0x000000008319fca8,0x0000000087380000)
 Metaspace       used 10015K, capacity 10316K, committed 10624K, reserved 1058816K
  class space    used 1195K, capacity 1294K, committed 1408K, reserved 1048576K
}
Event: 14.516 GC heap before
{Heap before GC invocations=8 (full 0):
 PSYoungGen      total 142848K, used 142104K [0x00000000d5f80000, 0x00000000df480000, 0x0000000100000000)
  eden space 133120K, 100% used [0x00000000d5f80000,0x00000000de180000,0x00000000de180000)
  from space 9728K, 92% used [0x00000000de180000,0x00000000dea46218,0x00000000deb00000)
  to   space 9728K, 0% used [0x00000000deb00000,0x00000000deb00000,0x00000000df480000)
 ParOldGen       total 87552K, used 20095K [0x0000000081e00000, 0x0000000087380000, 0x00000000d5f80000)
  object space 87552K, 22% used [0x0000000081e00000,0x000000008319fca8,0x0000000087380000)
 Metaspace       used 10885K, capacity 11274K, committed 11392K, reserved 1058816K
  class space    used 1277K, capacity 1397K, committed 1408K, reserved 1048576K
Event: 14.583 GC heap after
Heap after GC invocations=8 (full 0):
 PSYoungGen      total 142848K, used 9713K [0x00000000d5f80000, 0x00000000df480000, 0x0000000100000000)
  eden space 133120K, 0% used [0x00000000d5f80000,0x00000000d5f80000,0x00000000de180000)
  from space 9728K, 99% used [0x00000000deb00000,0x00000000df47c640,0x00000000df480000)
  to   space 9728K, 0% used [0x00000000de180000,0x00000000de180000,0x00000000deb00000)
 ParOldGen       total 87552K, used 31147K [0x0000000081e00000, 0x0000000087380000, 0x00000000d5f80000)
  object space 87552K, 35% used [0x0000000081e00000,0x0000000083c6acd8,0x0000000087380000)
 Metaspace       used 10885K, capacity 11274K, committed 11392K, reserved 1058816K
  class space    used 1277K, capacity 1397K, committed 1408K, reserved 1048576K
}
Event: 15.136 GC heap before
{Heap before GC invocations=9 (full 0):
 PSYoungGen      total 142848K, used 142827K [0x00000000d5f80000, 0x00000000df480000, 0x0000000100000000)
  eden space 133120K, 99% used [0x00000000d5f80000,0x00000000de17e690,0x00000000de180000)
  from space 9728K, 99% used [0x00000000deb00000,0x00000000df47c640,0x00000000df480000)
  to   space 9728K, 0% used [0x00000000de180000,0x00000000de180000,0x00000000deb00000)
 ParOldGen       total 87552K, used 31147K [0x0000000081e00000, 0x0000000087380000, 0x00000000d5f80000)
  object space 87552K, 35% used [0x0000000081e00000,0x0000000083c6acd8,0x0000000087380000)
 Metaspace       used 10885K, capacity 11274K, committed 11392K, reserved 1058816K
  class space    used 1277K, capacity 1397K, committed 1408K, reserved 1048576K
Event: 15.162 GC heap after
Heap after GC invocations=9 (full 0):
 PSYoungGen      total 142848K, used 9722K [0x00000000d5f80000, 0x00000000df480000, 0x0000000100000000)
  eden space 133120K, 0% used [0x00000000d5f80000,0x00000000d5f80000,0x00000000de180000)
  from space 9728K, 99% used [0x00000000de180000,0x00000000deafe808,0x00000000deb00000)
  to   space 9728K, 0% used [0x00000000deb00000,0x00000000deb00000,0x00000000df480000)
 ParOldGen       total 87552K, used 36015K [0x0000000081e00000, 0x0000000087380000, 0x00000000d5f80000)
  object space 87552K, 41% used [0x0000000081e00000,0x000000008412be10,0x0000000087380000)
 Metaspace       used 10885K, capacity 11274K, committed 11392K, reserved 1058816K
  class space    used 1277K, capacity 1397K, committed 1408K, reserved 1048576K
}
Event: 15.718 GC heap before
{Heap before GC invocations=10 (full 0):
 PSYoungGen      total 142848K, used 142842K [0x00000000d5f80000, 0x00000000df480000, 0x0000000100000000)
  eden space 133120K, 100% used [0x00000000d5f80000,0x00000000de180000,0x00000000de180000)
  from space 9728K, 99% used [0x00000000de180000,0x00000000deafe808,0x00000000deb00000)
  to   space 9728K, 0% used [0x00000000deb00000,0x00000000deb00000,0x00000000df480000)
 ParOldGen       total 87552K, used 36015K [0x0000000081e00000, 0x0000000087380000, 0x00000000d5f80000)
  object space 87552K, 41% used [0x0000000081e00000,0x000000008412be10,0x0000000087380000)
 Metaspace       used 10885K, capacity 11274K, committed 11392K, reserved 1058816K
  class space    used 1277K, capacity 1397K, committed 1408K, reserved 1048576K
Event: 15.752 GC heap after
Heap after GC invocations=10 (full 0):
 PSYoungGen      total 142848K, used 8839K [0x00000000d5f80000, 0x00000000df480000, 0x0000000100000000)
  eden space 133120K, 0% used [0x00000000d5f80000,0x00000000d5f80000,0x00000000de180000)
  from space 9728K, 90% used [0x00000000deb00000,0x00000000df3a1f50,0x00000000df480000)
  to   space 9728K, 0% used [0x00000000de180000,0x00000000de180000,0x00000000deb00000)
 ParOldGen       total 87552K, used 41152K [0x0000000081e00000, 0x0000000087380000, 0x00000000d5f80000)
  object space 87552K, 47% used [0x0000000081e00000,0x00000000846300b0,0x0000000087380000)
 Metaspace       used 10885K, capacity 11274K, committed 11392K, reserved 1058816K
  class space    used 1277K, capacity 1397K, committed 1408K, reserved 1048576K
}

